<?xml version="1.0" encoding="UTF-8"?>
<!-- Generated by org.testng.reporters.JUnitXMLReporter -->
<testsuite hostname="DESKTOP-4J1LCJ7" ignored="0" name="AddCustomerTest" tests="3" failures="0" timestamp="11 Apr 2019 15:22:07 GMT" time="143.521" errors="0">
  <testcase name="addCustomerTest" time="70.752" classname="com.w2a.suite.bankmanager.testcases.AddCustomerTest"/>
  <testcase name="addCustomerTest" time="136.547" classname="com.w2a.suite.bankmanager.testcases.AddCustomerTest"/>
  <testcase name="addCustomerTest" time="140.638" classname="com.w2a.suite.bankmanager.testcases.AddCustomerTest"/>
</testsuite> <!-- AddCustomerTest -->
